Using pre-set license

 COMMAND LINE ARGUMENTS:
/Applications/Unity/Hub/Editor/2020.3.7f1/Unity.app/Contents/MacOS/Unity
-adb2
-batchMode
-noUpm
-name
AssetImportWorker0
-projectPath
/Users/noguchiatsushi/hage11
-logFile
Logs/AssetImportWorker0.log
-srvPort
60348
Successfully changed project path to: /Users/noguchiatsushi/hage11
/Users/noguchiatsushi/hage11
Using Asset Import Pipeline V2.
Refreshing native plugins compatible for Editor in 49.67 ms, found 1 plugins.
Preloading 0 native plugins for Editor in 0.00 ms.
Initialize engine version: 2020.3.7f1 (dd97f2c94397)
[Subsystems] Discovering subsystems at path /Applications/Unity/Hub/Editor/2020.3.7f1/Unity.app/Contents/Resources/UnitySubsystems
[Subsystems] Discovering subsystems at path /Users/noguchiatsushi/hage11/Assets
GfxDevice: creating device client; threaded=0
2021-09-28 23:55:21.081 Unity[9373:660319] Color LCD preferred device: Intel(R) Iris(TM) Plus Graphics 640 (low power)
2021-09-28 23:55:21.081 Unity[9373:660319] Metal devices available: 1
2021-09-28 23:55:21.081 Unity[9373:660319] 0: Intel(R) Iris(TM) Plus Graphics 640 (low power)
2021-09-28 23:55:21.081 Unity[9373:660319] Using device Intel(R) Iris(TM) Plus Graphics 640 (low power)
Initializing Metal device caps: Intel(R) Iris(TM) Plus Graphics 640
Initialize mono
Mono path[0] = '/Applications/Unity/Hub/Editor/2020.3.7f1/Unity.app/Contents/Managed'
Mono path[1] = '/Applications/Unity/Hub/Editor/2020.3.7f1/Unity.app/Contents/MonoBleedingEdge/lib/mono/unityjit'
Mono config path = '/Applications/Unity/Hub/Editor/2020.3.7f1/Unity.app/Contents/MonoBleedingEdge/etc'
Using monoOptions --debugger-agent=transport=dt_socket,embedding=1,server=y,suspend=n,address=127.0.0.1:56373
Begin MonoManager ReloadAssembly
Registering precompiled unity dll's ...
Register platform support module: /Applications/Unity/Hub/Editor/2020.3.7f1/Unity.app/Contents/PlaybackEngines/MacStandaloneSupport/UnityEditor.OSXStandalone.Extensions.dll
Registered in 0.002491 seconds.
Native extension for OSXStandalone target not found
Refreshing native plugins compatible for Editor in 41.12 ms, found 1 plugins.
Preloading 0 native plugins for Editor in 0.00 ms.
Mono: successfully reloaded assembly
- Completed reload, in  1.648 seconds
Platform modules already initialized, skipping
Registering precompiled user dll's ...
Registered in 0.013083 seconds.
Begin MonoManager ReloadAssembly
Native extension for OSXStandalone target not found
Refreshing native plugins compatible for Editor in 0.43 ms, found 1 plugins.
Preloading 0 native plugins for Editor in 0.00 ms.
Mono: successfully reloaded assembly
- Completed reload, in  1.841 seconds
Platform modules already initialized, skipping
========================================================================
Worker process is ready to serve import requests
Launching external process: /Applications/Unity/Hub/Editor/2020.3.7f1/Unity.app/Contents/Tools/UnityShaderCompiler
Launched and connected shader compiler UnityShaderCompiler after 0.03 seconds
Refreshing native plugins compatible for Editor in 0.40 ms, found 1 plugins.
Preloading 0 native plugins for Editor in 0.00 ms.
Unloading 1605 Unused Serialized files (Serialized files now loaded: 0)
System memory in use before: 139.6 MB.
System memory in use after: 139.6 MB.

Unloading 25 unused Assets to reduce memory usage. Loaded Objects now: 2048.
Total: 3.977464 ms (FindLiveObjects: 0.313027 ms CreateObjectMapping: 0.087456 ms MarkObjects: 3.385784 ms  DeleteObjects: 0.170568 ms)

========================================================================
Received Import Request.
  path: Assets/Fonts/えるまーP.ttf
  artifactKey: Guid(57af3022175d04212aef6a21d33d5e34) Importer(815301076,1909f56bfc062723c751e8b465ee728b)
Start importing Assets/Fonts/えるまーP.ttf using Guid(57af3022175d04212aef6a21d33d5e34) Importer(815301076,1909f56bfc062723c751e8b465ee728b)  -> (artifact id: 'f153cc17787d52ad748ec244373182c6') in 2.593755 seconds
  Import took 2.598591 seconds .

========================================================================
Received Import Request.
  Time since last request: 0.000402 seconds.
  path: Assets/Fonts/Jiyucho.ttf
  artifactKey: Guid(c59a3567af4ea4764bbe8e16130f1dd7) Importer(815301076,1909f56bfc062723c751e8b465ee728b)
Start importing Assets/Fonts/Jiyucho.ttf using Guid(c59a3567af4ea4764bbe8e16130f1dd7) Importer(815301076,1909f56bfc062723c751e8b465ee728b)  -> (artifact id: '2ab9eaeb984a27fc662575342bb0b2f2') in 0.015786 seconds
  Import took 0.020735 seconds .

========================================================================
Received Import Request.
  Time since last request: 0.000343 seconds.
  path: Assets/Fonts/GN-KillGothic-U-KanaO.ttf
  artifactKey: Guid(e13c076e532924c8bb0825c0b7c81df4) Importer(815301076,1909f56bfc062723c751e8b465ee728b)
Start importing Assets/Fonts/GN-KillGothic-U-KanaO.ttf using Guid(e13c076e532924c8bb0825c0b7c81df4) Importer(815301076,1909f56bfc062723c751e8b465ee728b)  -> (artifact id: '1d5c0ab3f4ffb1429550eb7a03c39132') in 0.014310 seconds
  Import took 0.020210 seconds .

========================================================================
Received Import Request.
  Time since last request: 0.000630 seconds.
  path: Assets/Fonts/natumemozi.ttf
  artifactKey: Guid(6191b55380df7479cb198022857afff8) Importer(815301076,1909f56bfc062723c751e8b465ee728b)
Start importing Assets/Fonts/natumemozi.ttf using Guid(6191b55380df7479cb198022857afff8) Importer(815301076,1909f56bfc062723c751e8b465ee728b)  -> (artifact id: '11d69ec9076d6180ce696cd866d1ebda') in 0.146902 seconds
  Import took 0.155006 seconds .

========================================================================
Received Import Request.
  Time since last request: 3801.742417 seconds.
  path: Assets/Plugins/iOS
  artifactKey: Guid(0ac284912668f9d4380236599b04a855) Importer(815301076,1909f56bfc062723c751e8b465ee728b)
Start importing Assets/Plugins/iOS using Guid(0ac284912668f9d4380236599b04a855) Importer(815301076,1909f56bfc062723c751e8b465ee728b)  -> (artifact id: '4771fa8002b5f19b9667cf90b1c7751f') in 0.017762 seconds
  Import took 0.045968 seconds .

========================================================================
Received Prepare
Registering precompiled user dll's ...
Registered in 0.004582 seconds.
Begin MonoManager ReloadAssembly
Native extension for OSXStandalone target not found
Refreshing native plugins compatible for Editor in 0.42 ms, found 1 plugins.
Preloading 0 native plugins for Editor in 0.00 ms.
Mono: successfully reloaded assembly
- Completed reload, in  1.585 seconds
Platform modules already initialized, skipping
Switching build target platform(2) subTarget(0) extendedPlatform(0) -> platform(9) subTarget(16777218) extendedPlatform(0)
Refreshing native plugins compatible for Editor in 0.41 ms, found 1 plugins.
Preloading 0 native plugins for Editor in 0.00 ms.
Unloading 1591 Unused Serialized files (Serialized files now loaded: 0)
System memory in use before: 146.8 MB.
System memory in use after: 146.9 MB.

Unloading 21 unused Assets to reduce memory usage. Loaded Objects now: 2096.
Total: 6.256121 ms (FindLiveObjects: 0.902248 ms CreateObjectMapping: 0.128466 ms MarkObjects: 5.163390 ms  DeleteObjects: 0.059313 ms)

AssetImportParameters requested are different than current active one (requested -> active):
  custom:graphics/normal-map-encoding: 01000000000000000000000000000000 -> 02000000000000000000000000000000
========================================================================
Received Import Request.
  Time since last request: 82.717231 seconds.
  path: Assets/Scripts/NewBehaviourScript.cs
  artifactKey: Guid(ae547972f244b4a44a193f339a3364c3) Importer(815301076,1909f56bfc062723c751e8b465ee728b)
Start importing Assets/Scripts/NewBehaviourScript.cs using Guid(ae547972f244b4a44a193f339a3364c3) Importer(815301076,1909f56bfc062723c751e8b465ee728b)  -> (artifact id: '5b4e69684b683f3bfeb6817ad055e91e') in 0.533043 seconds
  Import took 0.536405 seconds .

========================================================================
Received Import Request.
  Time since last request: 2.539377 seconds.
  path: Assets/Scripts/ShowAttDialog.cs
  artifactKey: Guid(ae547972f244b4a44a193f339a3364c3) Importer(815301076,1909f56bfc062723c751e8b465ee728b)
Start importing Assets/Scripts/ShowAttDialog.cs using Guid(ae547972f244b4a44a193f339a3364c3) Importer(815301076,1909f56bfc062723c751e8b465ee728b)  -> (artifact id: 'b32cb5ffd1e03d6e3d0747a76b45269d') in 0.008616 seconds
  Import took 0.014847 seconds .

========================================================================
Received Prepare
Registering precompiled user dll's ...
Registered in 0.004430 seconds.
Begin MonoManager ReloadAssembly
Native extension for OSXStandalone target not found
Refreshing native plugins compatible for Editor in 0.43 ms, found 1 plugins.
Preloading 0 native plugins for Editor in 0.00 ms.
Mono: successfully reloaded assembly
- Completed reload, in  1.435 seconds
Platform modules already initialized, skipping
Switching build target platform(2) subTarget(0) extendedPlatform(0) -> platform(9) subTarget(16777218) extendedPlatform(0)
Refreshing native plugins compatible for Editor in 0.62 ms, found 1 plugins.
Preloading 0 native plugins for Editor in 0.00 ms.
Unloading 1591 Unused Serialized files (Serialized files now loaded: 0)
System memory in use before: 151.3 MB.
System memory in use after: 151.4 MB.

Unloading 21 unused Assets to reduce memory usage. Loaded Objects now: 2099.
Total: 2.764785 ms (FindLiveObjects: 0.501052 ms CreateObjectMapping: 0.207557 ms MarkObjects: 2.010530 ms  DeleteObjects: 0.041578 ms)

AssetImportParameters requested are different than current active one (requested -> active):
  custom:graphics/normal-map-encoding: 01000000000000000000000000000000 -> 02000000000000000000000000000000
========================================================================
Received Import Request.
  Time since last request: 6.831694 seconds.
  path: Assets/Scripts/PopButton.cs
  artifactKey: Guid(065afd47786584cde8027c50527e46a3) Importer(815301076,1909f56bfc062723c751e8b465ee728b)
Start importing Assets/Scripts/PopButton.cs using Guid(065afd47786584cde8027c50527e46a3) Importer(815301076,1909f56bfc062723c751e8b465ee728b)  -> (artifact id: 'a1e22fa2dbd932d8a00896285a0d8dd7') in 0.010529 seconds
  Import took 0.013821 seconds .

========================================================================
Received Prepare
Registering precompiled user dll's ...
Registered in 0.009017 seconds.
Begin MonoManager ReloadAssembly
Native extension for OSXStandalone target not found
Refreshing native plugins compatible for Editor in 0.40 ms, found 1 plugins.
Preloading 0 native plugins for Editor in 0.00 ms.
Mono: successfully reloaded assembly
- Completed reload, in  1.278 seconds
Platform modules already initialized, skipping
Switching build target platform(2) subTarget(0) extendedPlatform(0) -> platform(9) subTarget(16777218) extendedPlatform(0)
Refreshing native plugins compatible for Editor in 0.41 ms, found 1 plugins.
Preloading 0 native plugins for Editor in 0.00 ms.
Unloading 1591 Unused Serialized files (Serialized files now loaded: 0)
System memory in use before: 151.6 MB.
System memory in use after: 151.7 MB.

Unloading 21 unused Assets to reduce memory usage. Loaded Objects now: 2102.
Total: 2.501294 ms (FindLiveObjects: 0.328046 ms CreateObjectMapping: 0.106561 ms MarkObjects: 2.032795 ms  DeleteObjects: 0.031209 ms)

AssetImportParameters requested are different than current active one (requested -> active):
  custom:graphics/normal-map-encoding: 01000000000000000000000000000000 -> 02000000000000000000000000000000
========================================================================
Received Import Request.
  Time since last request: 47.911208 seconds.
  path: Assets/Scripts/ShowAttDialog.cs
  artifactKey: Guid(ae547972f244b4a44a193f339a3364c3) Importer(815301076,1909f56bfc062723c751e8b465ee728b)
Start importing Assets/Scripts/ShowAttDialog.cs using Guid(ae547972f244b4a44a193f339a3364c3) Importer(815301076,1909f56bfc062723c751e8b465ee728b)  -> (artifact id: '6f0bc4eb257f9db32e24cecaabcd9b80') in 0.008121 seconds
  Import took 0.012108 seconds .

========================================================================
Received Prepare
Registering precompiled user dll's ...
Registered in 0.003754 seconds.
Begin MonoManager ReloadAssembly
Native extension for OSXStandalone target not found
Refreshing native plugins compatible for Editor in 0.41 ms, found 1 plugins.
Preloading 0 native plugins for Editor in 0.00 ms.
Mono: successfully reloaded assembly
- Completed reload, in  1.321 seconds
Platform modules already initialized, skipping
Switching build target platform(2) subTarget(0) extendedPlatform(0) -> platform(9) subTarget(16777218) extendedPlatform(0)
Refreshing native plugins compatible for Editor in 0.43 ms, found 1 plugins.
Preloading 0 native plugins for Editor in 0.00 ms.
Unloading 1590 Unused Serialized files (Serialized files now loaded: 0)
System memory in use before: 151.8 MB.
System memory in use after: 151.9 MB.

Unloading 22 unused Assets to reduce memory usage. Loaded Objects now: 2104.
Total: 3.022239 ms (FindLiveObjects: 0.484357 ms CreateObjectMapping: 0.152943 ms MarkObjects: 2.345578 ms  DeleteObjects: 0.036628 ms)

AssetImportParameters requested are different than current active one (requested -> active):
  custom:graphics/normal-map-encoding: 01000000000000000000000000000000 -> 02000000000000000000000000000000
========================================================================
Received Import Request.
  Time since last request: 185.343563 seconds.
  path: Assets/Scripts/NewBehaviourScript.cs
  artifactKey: Guid(3e447d79fb7bb4b55abd36bbc6fd4d79) Importer(815301076,1909f56bfc062723c751e8b465ee728b)
Start importing Assets/Scripts/NewBehaviourScript.cs using Guid(3e447d79fb7bb4b55abd36bbc6fd4d79) Importer(815301076,1909f56bfc062723c751e8b465ee728b)  -> (artifact id: '5e645fd5fea68b442a169bdc8d67c96c') in 0.012434 seconds
  Import took 0.017785 seconds .

========================================================================
Received Prepare
Registering precompiled user dll's ...
Registered in 0.002226 seconds.
Begin MonoManager ReloadAssembly
Native extension for OSXStandalone target not found
Refreshing native plugins compatible for Editor in 0.42 ms, found 1 plugins.
Preloading 0 native plugins for Editor in 0.00 ms.
Mono: successfully reloaded assembly
- Completed reload, in  1.214 seconds
Platform modules already initialized, skipping
Switching build target platform(2) subTarget(0) extendedPlatform(0) -> platform(9) subTarget(16777218) extendedPlatform(0)
Refreshing native plugins compatible for Editor in 0.66 ms, found 1 plugins.
Preloading 0 native plugins for Editor in 0.00 ms.
Unloading 1591 Unused Serialized files (Serialized files now loaded: 0)
System memory in use before: 152.0 MB.
System memory in use after: 152.1 MB.

Unloading 21 unused Assets to reduce memory usage. Loaded Objects now: 2108.
Total: 2.071841 ms (FindLiveObjects: 0.336010 ms CreateObjectMapping: 0.100672 ms MarkObjects: 1.608088 ms  DeleteObjects: 0.025449 ms)

AssetImportParameters requested are different than current active one (requested -> active):
  custom:graphics/normal-map-encoding: 01000000000000000000000000000000 -> 02000000000000000000000000000000
========================================================================
Received Prepare
Registering precompiled user dll's ...
Registered in 0.005257 seconds.
Begin MonoManager ReloadAssembly
Native extension for OSXStandalone target not found
Refreshing native plugins compatible for Editor in 0.45 ms, found 1 plugins.
Preloading 0 native plugins for Editor in 0.00 ms.
Mono: successfully reloaded assembly
- Completed reload, in  1.222 seconds
Platform modules already initialized, skipping
Switching build target platform(2) subTarget(0) extendedPlatform(0) -> platform(9) subTarget(16777218) extendedPlatform(0)
Refreshing native plugins compatible for Editor in 0.41 ms, found 1 plugins.
Preloading 0 native plugins for Editor in 0.00 ms.
Unloading 1590 Unused Serialized files (Serialized files now loaded: 0)
System memory in use before: 152.2 MB.
System memory in use after: 152.3 MB.

Unloading 22 unused Assets to reduce memory usage. Loaded Objects now: 2110.
Total: 2.627655 ms (FindLiveObjects: 0.380289 ms CreateObjectMapping: 0.115573 ms MarkObjects: 2.100582 ms  DeleteObjects: 0.029260 ms)

AssetImportParameters requested are different than current active one (requested -> active):
  custom:graphics/normal-map-encoding: 01000000000000000000000000000000 -> 02000000000000000000000000000000
========================================================================
Received Import Request.
  Time since last request: 22.706354 seconds.
  path: Assets/Scripts
  artifactKey: Guid(3f48794aeb0104ad3a5eac68ff86df1a) Importer(815301076,1909f56bfc062723c751e8b465ee728b)
Start importing Assets/Scripts using Guid(3f48794aeb0104ad3a5eac68ff86df1a) Importer(815301076,1909f56bfc062723c751e8b465ee728b)  -> (artifact id: '2268d4f777a41c8d2b712b99ba3c3985') in 0.005438 seconds
  Import took 0.009565 seconds .

========================================================================
Received Import Request.
  Time since last request: 0.012527 seconds.
  path: Assets/Scripts
  artifactKey: Guid(3f48794aeb0104ad3a5eac68ff86df1a) Importer(815301076,1909f56bfc062723c751e8b465ee728b)
Start importing Assets/Scripts using Guid(3f48794aeb0104ad3a5eac68ff86df1a) Importer(815301076,1909f56bfc062723c751e8b465ee728b)  -> (artifact id: '2268d4f777a41c8d2b712b99ba3c3985') in 0.005502 seconds
  Import took 0.010780 seconds .

========================================================================
Received Import Request.
  Time since last request: 21.309044 seconds.
  path: Assets/Scripts/ShowAttDialog.cs
  artifactKey: Guid(ae547972f244b4a44a193f339a3364c3) Importer(815301076,1909f56bfc062723c751e8b465ee728b)
Start importing Assets/Scripts/ShowAttDialog.cs using Guid(ae547972f244b4a44a193f339a3364c3) Importer(815301076,1909f56bfc062723c751e8b465ee728b)  -> (artifact id: '45b71289fe564bead4b39107572a6882') in 0.012146 seconds
  Import took 0.020797 seconds .

========================================================================
Received Prepare
Registering precompiled user dll's ...
Registered in 0.005465 seconds.
Begin MonoManager ReloadAssembly
Native extension for OSXStandalone target not found
Refreshing native plugins compatible for Editor in 0.49 ms, found 1 plugins.
Preloading 0 native plugins for Editor in 0.00 ms.
Mono: successfully reloaded assembly
- Completed reload, in  1.843 seconds
Platform modules already initialized, skipping
Switching build target platform(2) subTarget(0) extendedPlatform(0) -> platform(9) subTarget(16777218) extendedPlatform(0)
Refreshing native plugins compatible for Editor in 0.81 ms, found 1 plugins.
Preloading 0 native plugins for Editor in 0.00 ms.
Unloading 1591 Unused Serialized files (Serialized files now loaded: 0)
System memory in use before: 152.4 MB.
System memory in use after: 152.5 MB.

Unloading 21 unused Assets to reduce memory usage. Loaded Objects now: 2114.
Total: 5.302002 ms (FindLiveObjects: 0.539888 ms CreateObjectMapping: 0.174318 ms MarkObjects: 4.554903 ms  DeleteObjects: 0.030666 ms)

AssetImportParameters requested are different than current active one (requested -> active):
  custom:graphics/normal-map-encoding: 01000000000000000000000000000000 -> 02000000000000000000000000000000
========================================================================
Received Prepare
Registering precompiled user dll's ...
Registered in 0.006554 seconds.
Begin MonoManager ReloadAssembly
Native extension for OSXStandalone target not found
Refreshing native plugins compatible for Editor in 0.46 ms, found 1 plugins.
Preloading 0 native plugins for Editor in 0.00 ms.
Mono: successfully reloaded assembly
- Completed reload, in  1.263 seconds
Platform modules already initialized, skipping
Switching build target platform(2) subTarget(0) extendedPlatform(0) -> platform(9) subTarget(16777218) extendedPlatform(0)
Refreshing native plugins compatible for Editor in 0.61 ms, found 1 plugins.
Preloading 0 native plugins for Editor in 0.00 ms.
Unloading 1591 Unused Serialized files (Serialized files now loaded: 0)
System memory in use before: 152.6 MB.
System memory in use after: 152.7 MB.

Unloading 21 unused Assets to reduce memory usage. Loaded Objects now: 2117.
Total: 3.540335 ms (FindLiveObjects: 0.370462 ms CreateObjectMapping: 0.357051 ms MarkObjects: 2.788072 ms  DeleteObjects: 0.022935 ms)

AssetImportParameters requested are different than current active one (requested -> active):
  custom:graphics/normal-map-encoding: 01000000000000000000000000000000 -> 02000000000000000000000000000000
========================================================================
Received Import Request.
  Time since last request: 46.061538 seconds.
  path: Assets/Scripts/ShowAttDialog.cs
  artifactKey: Guid(ae547972f244b4a44a193f339a3364c3) Importer(815301076,1909f56bfc062723c751e8b465ee728b)
Start importing Assets/Scripts/ShowAttDialog.cs using Guid(ae547972f244b4a44a193f339a3364c3) Importer(815301076,1909f56bfc062723c751e8b465ee728b)  -> (artifact id: '7bac3f03297a978d82ec41ad8dd07bfc') in 0.010871 seconds
  Import took 0.015647 seconds .

========================================================================
Received Prepare
Registering precompiled user dll's ...
Registered in 0.005571 seconds.
Begin MonoManager ReloadAssembly
Native extension for OSXStandalone target not found
Refreshing native plugins compatible for Editor in 0.45 ms, found 1 plugins.
Preloading 0 native plugins for Editor in 0.00 ms.
Mono: successfully reloaded assembly
- Completed reload, in  1.615 seconds
Platform modules already initialized, skipping
Switching build target platform(2) subTarget(0) extendedPlatform(0) -> platform(9) subTarget(16777218) extendedPlatform(0)
Refreshing native plugins compatible for Editor in 0.44 ms, found 1 plugins.
Preloading 0 native plugins for Editor in 0.00 ms.
Unloading 1591 Unused Serialized files (Serialized files now loaded: 0)
System memory in use before: 152.8 MB.
System memory in use after: 152.9 MB.

Unloading 21 unused Assets to reduce memory usage. Loaded Objects now: 2120.
Total: 3.673332 ms (FindLiveObjects: 0.255358 ms CreateObjectMapping: 0.071911 ms MarkObjects: 3.318974 ms  DeleteObjects: 0.025546 ms)

AssetImportParameters requested are different than current active one (requested -> active):
  custom:graphics/normal-map-encoding: 01000000000000000000000000000000 -> 02000000000000000000000000000000
========================================================================
Received Import Request.
  Time since last request: 93.002679 seconds.
  path: Assets/Scripts/ShowAttDialog.cs
  artifactKey: Guid(ae547972f244b4a44a193f339a3364c3) Importer(815301076,1909f56bfc062723c751e8b465ee728b)
Start importing Assets/Scripts/ShowAttDialog.cs using Guid(ae547972f244b4a44a193f339a3364c3) Importer(815301076,1909f56bfc062723c751e8b465ee728b)  -> (artifact id: '242bd9fdaced90d78b9a30ff404dac4d') in 0.019670 seconds
  Import took 0.024900 seconds .

========================================================================
Received Prepare
Registering precompiled user dll's ...
Registered in 0.005034 seconds.
Begin MonoManager ReloadAssembly
Native extension for OSXStandalone target not found
Refreshing native plugins compatible for Editor in 0.40 ms, found 1 plugins.
Preloading 0 native plugins for Editor in 0.00 ms.
Mono: successfully reloaded assembly
- Completed reload, in  1.293 seconds
Platform modules already initialized, skipping
Switching build target platform(2) subTarget(0) extendedPlatform(0) -> platform(9) subTarget(16777218) extendedPlatform(0)
Refreshing native plugins compatible for Editor in 0.41 ms, found 1 plugins.
Preloading 0 native plugins for Editor in 0.00 ms.
Unloading 1590 Unused Serialized files (Serialized files now loaded: 0)
System memory in use before: 153.0 MB.
System memory in use after: 153.1 MB.

Unloading 22 unused Assets to reduce memory usage. Loaded Objects now: 2122.
Total: 2.802941 ms (FindLiveObjects: 0.389977 ms CreateObjectMapping: 0.125766 ms MarkObjects: 2.254441 ms  DeleteObjects: 0.030356 ms)

AssetImportParameters requested are different than current active one (requested -> active):
  custom:graphics/normal-map-encoding: 01000000000000000000000000000000 -> 02000000000000000000000000000000
========================================================================
Received Prepare
Registering precompiled user dll's ...
Registered in 0.004998 seconds.
Begin MonoManager ReloadAssembly
Native extension for OSXStandalone target not found
Refreshing native plugins compatible for Editor in 0.61 ms, found 1 plugins.
Preloading 0 native plugins for Editor in 0.00 ms.
Mono: successfully reloaded assembly
- Completed reload, in  1.692 seconds
Platform modules already initialized, skipping
Switching build target platform(2) subTarget(0) extendedPlatform(0) -> platform(9) subTarget(16777218) extendedPlatform(0)
Refreshing native plugins compatible for Editor in 0.42 ms, found 1 plugins.
Preloading 0 native plugins for Editor in 0.00 ms.
Unloading 1591 Unused Serialized files (Serialized files now loaded: 0)
System memory in use before: 153.2 MB.
System memory in use after: 153.3 MB.

Unloading 21 unused Assets to reduce memory usage. Loaded Objects now: 2126.
Total: 3.244307 ms (FindLiveObjects: 0.587422 ms CreateObjectMapping: 0.159133 ms MarkObjects: 2.469730 ms  DeleteObjects: 0.025247 ms)

AssetImportParameters requested are different than current active one (requested -> active):
  custom:graphics/normal-map-encoding: 01000000000000000000000000000000 -> 02000000000000000000000000000000
========================================================================
Received Prepare
Registering precompiled user dll's ...
Registered in 0.005611 seconds.
Begin MonoManager ReloadAssembly
Native extension for OSXStandalone target not found
Refreshing native plugins compatible for Editor in 0.40 ms, found 1 plugins.
Preloading 0 native plugins for Editor in 0.00 ms.
Mono: successfully reloaded assembly
- Completed reload, in  1.421 seconds
Platform modules already initialized, skipping
Switching build target platform(2) subTarget(0) extendedPlatform(0) -> platform(9) subTarget(16777218) extendedPlatform(0)
Refreshing native plugins compatible for Editor in 0.81 ms, found 1 plugins.
Preloading 0 native plugins for Editor in 0.00 ms.
Unloading 1591 Unused Serialized files (Serialized files now loaded: 0)
System memory in use before: 153.5 MB.
System memory in use after: 153.5 MB.

Unloading 21 unused Assets to reduce memory usage. Loaded Objects now: 2129.
Total: 3.498115 ms (FindLiveObjects: 0.728551 ms CreateObjectMapping: 0.343829 ms MarkObjects: 2.399893 ms  DeleteObjects: 0.024228 ms)

AssetImportParameters requested are different than current active one (requested -> active):
  custom:graphics/normal-map-encoding: 01000000000000000000000000000000 -> 02000000000000000000000000000000
========================================================================
Received Import Request.
  Time since last request: 76.445796 seconds.
  path: Assets/Scripts/ShowAttDialog.cs
  artifactKey: Guid(ae547972f244b4a44a193f339a3364c3) Importer(815301076,1909f56bfc062723c751e8b465ee728b)
Start importing Assets/Scripts/ShowAttDialog.cs using Guid(ae547972f244b4a44a193f339a3364c3) Importer(815301076,1909f56bfc062723c751e8b465ee728b)  -> (artifact id: 'a6d870fc72cc6de19412e1f58cde5eb5') in 0.008802 seconds
  Import took 0.012677 seconds .

========================================================================
Received Import Request.
  Time since last request: 118.766634 seconds.
  path: Assets/Scripts/ShowAttDialog.cs
  artifactKey: Guid(ae547972f244b4a44a193f339a3364c3) Importer(815301076,1909f56bfc062723c751e8b465ee728b)
Start importing Assets/Scripts/ShowAttDialog.cs using Guid(ae547972f244b4a44a193f339a3364c3) Importer(815301076,1909f56bfc062723c751e8b465ee728b)  -> (artifact id: '7e14540be7966eb5e8ad182e865da281') in 0.018911 seconds
  Import took 0.033605 seconds .

========================================================================
Received Prepare
Registering precompiled user dll's ...
Registered in 0.003538 seconds.
Begin MonoManager ReloadAssembly
Native extension for OSXStandalone target not found
Refreshing native plugins compatible for Editor in 0.40 ms, found 1 plugins.
Preloading 0 native plugins for Editor in 0.00 ms.
Mono: successfully reloaded assembly
- Completed reload, in  1.397 seconds
Platform modules already initialized, skipping
Switching build target platform(2) subTarget(0) extendedPlatform(0) -> platform(9) subTarget(16777218) extendedPlatform(0)
Refreshing native plugins compatible for Editor in 0.45 ms, found 1 plugins.
Preloading 0 native plugins for Editor in 0.00 ms.
Unloading 1590 Unused Serialized files (Serialized files now loaded: 0)
System memory in use before: 153.6 MB.
System memory in use after: 153.7 MB.

Unloading 22 unused Assets to reduce memory usage. Loaded Objects now: 2131.
Total: 2.255158 ms (FindLiveObjects: 0.442114 ms CreateObjectMapping: 0.107415 ms MarkObjects: 1.659878 ms  DeleteObjects: 0.043906 ms)

AssetImportParameters requested are different than current active one (requested -> active):
  custom:graphics/normal-map-encoding: 01000000000000000000000000000000 -> 02000000000000000000000000000000
========================================================================
Received Import Request.
  Time since last request: 13.281106 seconds.
  path: Assets/Scripts/IDFA.cs
  artifactKey: Guid(87727a5ec9d8c45d9b6ecdf3fec892ed) Importer(815301076,1909f56bfc062723c751e8b465ee728b)
Start importing Assets/Scripts/IDFA.cs using Guid(87727a5ec9d8c45d9b6ecdf3fec892ed) Importer(815301076,1909f56bfc062723c751e8b465ee728b)  -> (artifact id: '19d946d924e96adf1d4af9d1574f6faa') in 0.008671 seconds
  Import took 0.011710 seconds .

========================================================================
Received Prepare
Registering precompiled user dll's ...
Registered in 0.005398 seconds.
Begin MonoManager ReloadAssembly
Native extension for OSXStandalone target not found
Refreshing native plugins compatible for Editor in 0.39 ms, found 1 plugins.
Preloading 0 native plugins for Editor in 0.00 ms.
Mono: successfully reloaded assembly
- Completed reload, in  1.999 seconds
Platform modules already initialized, skipping
Switching build target platform(2) subTarget(0) extendedPlatform(0) -> platform(9) subTarget(16777218) extendedPlatform(0)
Refreshing native plugins compatible for Editor in 0.49 ms, found 1 plugins.
Preloading 0 native plugins for Editor in 0.00 ms.
Unloading 1591 Unused Serialized files (Serialized files now loaded: 0)
System memory in use before: 153.9 MB.
System memory in use after: 153.9 MB.

Unloading 21 unused Assets to reduce memory usage. Loaded Objects now: 2135.
Total: 1.836611 ms (FindLiveObjects: 0.237932 ms CreateObjectMapping: 0.053095 ms MarkObjects: 1.526383 ms  DeleteObjects: 0.018089 ms)

AssetImportParameters requested are different than current active one (requested -> active):
  custom:graphics/normal-map-encoding: 01000000000000000000000000000000 -> 02000000000000000000000000000000
========================================================================
Received Prepare
Registering precompiled user dll's ...
Registered in 0.003524 seconds.
Begin MonoManager ReloadAssembly
Native extension for OSXStandalone target not found
Refreshing native plugins compatible for Editor in 0.44 ms, found 1 plugins.
Preloading 0 native plugins for Editor in 0.00 ms.
Mono: successfully reloaded assembly
- Completed reload, in  1.302 seconds
Platform modules already initialized, skipping
Switching build target platform(2) subTarget(0) extendedPlatform(0) -> platform(9) subTarget(16777218) extendedPlatform(0)
Refreshing native plugins compatible for Editor in 0.44 ms, found 1 plugins.
Preloading 0 native plugins for Editor in 0.00 ms.
Unloading 1591 Unused Serialized files (Serialized files now loaded: 0)
System memory in use before: 154.0 MB.
System memory in use after: 154.1 MB.

Unloading 21 unused Assets to reduce memory usage. Loaded Objects now: 2138.
Total: 3.064535 ms (FindLiveObjects: 0.368912 ms CreateObjectMapping: 0.088566 ms MarkObjects: 2.580935 ms  DeleteObjects: 0.024933 ms)

AssetImportParameters requested are different than current active one (requested -> active):
  custom:graphics/normal-map-encoding: 01000000000000000000000000000000 -> 02000000000000000000000000000000
========================================================================
Received Import Request.
  Time since last request: 13.942487 seconds.
  path: Assets/Scripts/IDFA.cs
  artifactKey: Guid(87727a5ec9d8c45d9b6ecdf3fec892ed) Importer(815301076,1909f56bfc062723c751e8b465ee728b)
Start importing Assets/Scripts/IDFA.cs using Guid(87727a5ec9d8c45d9b6ecdf3fec892ed) Importer(815301076,1909f56bfc062723c751e8b465ee728b)  -> (artifact id: 'b4f5bbaec12dcedc3c0f8bfc79b7b41c') in 0.014017 seconds
  Import took 0.017930 seconds .

========================================================================
Received Import Request.
  Time since last request: 158.386499 seconds.
  path: Assets/Editor
  artifactKey: Guid(2f4f18faf180a4ce5a67e30e0560bfca) Importer(815301076,1909f56bfc062723c751e8b465ee728b)
Start importing Assets/Editor using Guid(2f4f18faf180a4ce5a67e30e0560bfca) Importer(815301076,1909f56bfc062723c751e8b465ee728b)  -> (artifact id: '527819a0ff19763d6299892ec93df2db') in 0.009175 seconds
  Import took 0.022252 seconds .

========================================================================
Received Import Request.
  Time since last request: 13.116210 seconds.
  path: Assets/Editor/PostXcodeBuild.cs
  artifactKey: Guid(cb051f7d75a8241feb5e684a202e4f9b) Importer(815301076,1909f56bfc062723c751e8b465ee728b)
Start importing Assets/Editor/PostXcodeBuild.cs using Guid(cb051f7d75a8241feb5e684a202e4f9b) Importer(815301076,1909f56bfc062723c751e8b465ee728b)  -> (artifact id: '63bac1018bedc94c12028d20ef638276') in 0.018936 seconds
  Import took 0.026363 seconds .

========================================================================
Received Prepare
Registering precompiled user dll's ...
Registered in 0.010031 seconds.
Begin MonoManager ReloadAssembly
Native extension for OSXStandalone target not found
Refreshing native plugins compatible for Editor in 0.38 ms, found 1 plugins.
Preloading 0 native plugins for Editor in 0.00 ms.
Mono: successfully reloaded assembly
- Completed reload, in  1.477 seconds
Platform modules already initialized, skipping
Switching build target platform(2) subTarget(0) extendedPlatform(0) -> platform(9) subTarget(16777218) extendedPlatform(0)
Refreshing native plugins compatible for Editor in 0.64 ms, found 1 plugins.
Preloading 0 native plugins for Editor in 0.00 ms.
Unloading 1592 Unused Serialized files (Serialized files now loaded: 0)
System memory in use before: 154.3 MB.
System memory in use after: 154.4 MB.

Unloading 21 unused Assets to reduce memory usage. Loaded Objects now: 2142.
Total: 2.436083 ms (FindLiveObjects: 0.342623 ms CreateObjectMapping: 0.099609 ms MarkObjects: 1.965807 ms  DeleteObjects: 0.025997 ms)

AssetImportParameters requested are different than current active one (requested -> active):
  custom:graphics/normal-map-encoding: 01000000000000000000000000000000 -> 02000000000000000000000000000000
========================================================================
Received Prepare
Registering precompiled user dll's ...
Registered in 0.006493 seconds.
Begin MonoManager ReloadAssembly
Native extension for OSXStandalone target not found
Refreshing native plugins compatible for Editor in 0.44 ms, found 1 plugins.
Preloading 0 native plugins for Editor in 0.00 ms.
Mono: successfully reloaded assembly
- Completed reload, in  1.278 seconds
Platform modules already initialized, skipping
Switching build target platform(2) subTarget(0) extendedPlatform(0) -> platform(9) subTarget(16777218) extendedPlatform(0)
Refreshing native plugins compatible for Editor in 0.41 ms, found 1 plugins.
Preloading 0 native plugins for Editor in 0.00 ms.
Unloading 1592 Unused Serialized files (Serialized files now loaded: 0)
System memory in use before: 154.5 MB.
System memory in use after: 154.6 MB.

Unloading 21 unused Assets to reduce memory usage. Loaded Objects now: 2145.
Total: 2.713761 ms (FindLiveObjects: 0.372715 ms CreateObjectMapping: 0.121828 ms MarkObjects: 2.189084 ms  DeleteObjects: 0.027991 ms)

AssetImportParameters requested are different than current active one (requested -> active):
  custom:graphics/normal-map-encoding: 01000000000000000000000000000000 -> 02000000000000000000000000000000
========================================================================
Received Import Request.
  Time since last request: 66.273597 seconds.
  path: Assets/Editor/PostXcodeBuild.cs
  artifactKey: Guid(cb051f7d75a8241feb5e684a202e4f9b) Importer(815301076,1909f56bfc062723c751e8b465ee728b)
Start importing Assets/Editor/PostXcodeBuild.cs using Guid(cb051f7d75a8241feb5e684a202e4f9b) Importer(815301076,1909f56bfc062723c751e8b465ee728b)  -> (artifact id: 'fc0f259baf4322357dc126e0377e79cb') in 0.008653 seconds
  Import took 0.013617 seconds .

========================================================================
Received Prepare
Refreshing native plugins compatible for Editor in 11.41 ms, found 1 plugins.
Preloading 0 native plugins for Editor in 0.00 ms.
Unloading 19 Unused Serialized files (Serialized files now loaded: 0)
System memory in use before: 124.2 MB.
System memory in use after: 124.3 MB.

Unloading 19 unused Assets to reduce memory usage. Loaded Objects now: 2145.
Total: 10.471348 ms (FindLiveObjects: 0.665692 ms CreateObjectMapping: 0.163125 ms MarkObjects: 9.596696 ms  DeleteObjects: 0.043689 ms)

========================================================================
Received Prepare
Refreshing native plugins compatible for Editor in 13.39 ms, found 1 plugins.
Preloading 0 native plugins for Editor in 0.00 ms.
Unloading 19 Unused Serialized files (Serialized files now loaded: 0)
System memory in use before: 124.7 MB.
System memory in use after: 124.7 MB.

Unloading 19 unused Assets to reduce memory usage. Loaded Objects now: 2145.
Total: 28.310976 ms (FindLiveObjects: 2.065118 ms CreateObjectMapping: 0.153568 ms MarkObjects: 25.990853 ms  DeleteObjects: 0.079097 ms)

========================================================================
Received Prepare
Registering precompiled user dll's ...
Registered in 0.003353 seconds.
Begin MonoManager ReloadAssembly
Native extension for OSXStandalone target not found
Refreshing native plugins compatible for Editor in 0.39 ms, found 1 plugins.
Preloading 0 native plugins for Editor in 0.00 ms.
Mono: successfully reloaded assembly
- Completed reload, in  1.552 seconds
Platform modules already initialized, skipping
Switching build target platform(2) subTarget(0) extendedPlatform(0) -> platform(9) subTarget(16777218) extendedPlatform(0)
Refreshing native plugins compatible for Editor in 0.46 ms, found 1 plugins.
Preloading 0 native plugins for Editor in 0.00 ms.
Unloading 1591 Unused Serialized files (Serialized files now loaded: 0)
System memory in use before: 155.6 MB.
System memory in use after: 155.7 MB.

Unloading 21 unused Assets to reduce memory usage. Loaded Objects now: 2148.
Total: 2.695520 ms (FindLiveObjects: 0.498719 ms CreateObjectMapping: 0.097738 ms MarkObjects: 2.050048 ms  DeleteObjects: 0.046791 ms)

AssetImportParameters requested are different than current active one (requested -> active):
  custom:graphics/normal-map-encoding: 01000000000000000000000000000000 -> 02000000000000000000000000000000
========================================================================
Received Prepare
Refreshing native plugins compatible for Editor in 16.02 ms, found 1 plugins.
Preloading 0 native plugins for Editor in 0.00 ms.
Unloading 19 Unused Serialized files (Serialized files now loaded: 0)
System memory in use before: 125.1 MB.
System memory in use after: 125.2 MB.

Unloading 19 unused Assets to reduce memory usage. Loaded Objects now: 2148.
Total: 2.644390 ms (FindLiveObjects: 0.372278 ms CreateObjectMapping: 0.110417 ms MarkObjects: 2.134712 ms  DeleteObjects: 0.024579 ms)

========================================================================
Received Prepare
Refreshing native plugins compatible for Editor in 10.69 ms, found 1 plugins.
Preloading 0 native plugins for Editor in 0.00 ms.
Unloading 19 Unused Serialized files (Serialized files now loaded: 0)
System memory in use before: 125.4 MB.
System memory in use after: 125.5 MB.

Unloading 19 unused Assets to reduce memory usage. Loaded Objects now: 2148.
Total: 21.720196 ms (FindLiveObjects: 1.506939 ms CreateObjectMapping: 0.097992 ms MarkObjects: 20.058928 ms  DeleteObjects: 0.054219 ms)

========================================================================
Received Import Request.
  Time since last request: 3501.019747 seconds.
  path: Assets/Plugins/iOS/RequestAttDialog.mm
  artifactKey: Guid(676bf318fe5f9423b87b26a739cfa9d1) Importer(815301076,1909f56bfc062723c751e8b465ee728b)
Start importing Assets/Plugins/iOS/RequestAttDialog.mm using Guid(676bf318fe5f9423b87b26a739cfa9d1) Importer(815301076,1909f56bfc062723c751e8b465ee728b)  -> (artifact id: '0d678f43c6feba7faa7aa471e5a86225') in 2.667632 seconds
  Import took 2.729690 seconds .

========================================================================
Received Import Request.
  Time since last request: 25.955170 seconds.
  path: Assets/Plugins/iOS/RequestAttDialog.mm
  artifactKey: Guid(676bf318fe5f9423b87b26a739cfa9d1) Importer(815301076,1909f56bfc062723c751e8b465ee728b)
Start importing Assets/Plugins/iOS/RequestAttDialog.mm using Guid(676bf318fe5f9423b87b26a739cfa9d1) Importer(815301076,1909f56bfc062723c751e8b465ee728b)  -> (artifact id: 'b8e138b5aca7f232b38d8fff9a78a867') in 0.009738 seconds
  Import took 0.014841 seconds .

========================================================================
Received Import Request.
  Time since last request: 7.232773 seconds.
  path: Assets/Plugins/iOS/RequestIDFA.mm
  artifactKey: Guid(676bf318fe5f9423b87b26a739cfa9d1) Importer(815301076,1909f56bfc062723c751e8b465ee728b)
Start importing Assets/Plugins/iOS/RequestIDFA.mm using Guid(676bf318fe5f9423b87b26a739cfa9d1) Importer(815301076,1909f56bfc062723c751e8b465ee728b)  -> (artifact id: '58ba440df24e1db9ef2d4b44e8628b11') in 0.004117 seconds
  Import took 0.009346 seconds .

========================================================================
Received Prepare
Refreshing native plugins compatible for Editor in 22.53 ms, found 1 plugins.
Preloading 0 native plugins for Editor in 0.00 ms.
Unloading 19 Unused Serialized files (Serialized files now loaded: 0)
System memory in use before: 130.2 MB.
System memory in use after: 130.3 MB.

Unloading 19 unused Assets to reduce memory usage. Loaded Objects now: 2148.
Total: 28.720112 ms (FindLiveObjects: 1.633837 ms CreateObjectMapping: 0.151709 ms MarkObjects: 26.883163 ms  DeleteObjects: 0.047763 ms)

========================================================================
Received Prepare
Refreshing native plugins compatible for Editor in 11.01 ms, found 1 plugins.
Preloading 0 native plugins for Editor in 0.00 ms.
Unloading 19 Unused Serialized files (Serialized files now loaded: 0)
System memory in use before: 130.4 MB.
System memory in use after: 130.5 MB.

Unloading 19 unused Assets to reduce memory usage. Loaded Objects now: 2148.
Total: 28.290242 ms (FindLiveObjects: 0.939299 ms CreateObjectMapping: 0.069446 ms MarkObjects: 27.210809 ms  DeleteObjects: 0.069008 ms)

========================================================================
Received Import Request.
  Time since last request: 23167.641719 seconds.
  path: Assets/Scenes/Title.unity
  artifactKey: Guid(6568403fa123e439996c51c8f6a0446a) Importer(815301076,1909f56bfc062723c751e8b465ee728b)
Start importing Assets/Scenes/Title.unity using Guid(6568403fa123e439996c51c8f6a0446a) Importer(815301076,1909f56bfc062723c751e8b465ee728b)  -> (artifact id: '01bb9a4d0817286615d2872e39c13f4a') in 0.131017 seconds
  Import took 0.292541 seconds .

========================================================================
Received Prepare
Registering precompiled user dll's ...
Registered in 0.009491 seconds.
Begin MonoManager ReloadAssembly
Native extension for OSXStandalone target not found
Refreshing native plugins compatible for Editor in 0.41 ms, found 1 plugins.
Preloading 0 native plugins for Editor in 0.00 ms.
Mono: successfully reloaded assembly
- Completed reload, in  2.481 seconds
Platform modules already initialized, skipping
Switching build target platform(2) subTarget(0) extendedPlatform(0) -> platform(9) subTarget(16777218) extendedPlatform(0)
Refreshing native plugins compatible for Editor in 0.50 ms, found 1 plugins.
Preloading 0 native plugins for Editor in 0.00 ms.
Unloading 1591 Unused Serialized files (Serialized files now loaded: 0)
System memory in use before: 161.8 MB.
System memory in use after: 161.9 MB.

Unloading 21 unused Assets to reduce memory usage. Loaded Objects now: 2151.
Total: 3.704868 ms (FindLiveObjects: 0.374346 ms CreateObjectMapping: 0.061372 ms MarkObjects: 3.222935 ms  DeleteObjects: 0.044960 ms)

AssetImportParameters requested are different than current active one (requested -> active):
  custom:graphics/normal-map-encoding: 01000000000000000000000000000000 -> 02000000000000000000000000000000
========================================================================
Received Prepare
Registering precompiled user dll's ...
Registered in 0.011366 seconds.
Begin MonoManager ReloadAssembly
Native extension for OSXStandalone target not found
Refreshing native plugins compatible for Editor in 0.44 ms, found 1 plugins.
Preloading 0 native plugins for Editor in 0.00 ms.
Mono: successfully reloaded assembly
- Completed reload, in  2.099 seconds
Platform modules already initialized, skipping
Switching build target platform(2) subTarget(0) extendedPlatform(0) -> platform(9) subTarget(16777218) extendedPlatform(0)
Refreshing native plugins compatible for Editor in 0.46 ms, found 1 plugins.
Preloading 0 native plugins for Editor in 0.00 ms.
Unloading 1591 Unused Serialized files (Serialized files now loaded: 0)
System memory in use before: 162.2 MB.
System memory in use after: 162.3 MB.

Unloading 21 unused Assets to reduce memory usage. Loaded Objects now: 2154.
Total: 13.526834 ms (FindLiveObjects: 4.548611 ms CreateObjectMapping: 0.207774 ms MarkObjects: 8.683124 ms  DeleteObjects: 0.083989 ms)

AssetImportParameters requested are different than current active one (requested -> active):
  custom:graphics/normal-map-encoding: 01000000000000000000000000000000 -> 02000000000000000000000000000000
