Using pre-set license
Built from '2020.3/release' branch; Version is '2020.3.7f1 (dd97f2c94397) revision 14522354'; Using compiler version '192528614'; Build Type 'Release'
OS: 'Windows 10 Pro; OS build 19042.1165; Version 2009; 64bit' Language: 'ja' Physical Memory: 16229 MB
BatchMode: 1, IsHumanControllingUs: 0, StartBugReporterOnCrash: 0, Is64bit: 1, IsPro: 0

 COMMAND LINE ARGUMENTS:
C:\Program Files\Unity\Hub\Editor\2020.3.7f1\Editor\Unity.exe
-adb2
-batchMode
-noUpm
-name
AssetImportWorker0
-projectPath
C:/Users/nagan/Documents/works/Unity/hage
-logFile
Logs/AssetImportWorker0.log
-srvPort
60743
Successfully changed project path to: C:/Users/nagan/Documents/works/Unity/hage
C:/Users/nagan/Documents/works/Unity/hage
Using Asset Import Pipeline V2.
Refreshing native plugins compatible for Editor in 27.15 ms, found 0 plugins.
Preloading 0 native plugins for Editor in 0.00 ms.
Initialize engine version: 2020.3.7f1 (dd97f2c94397)
[Subsystems] Discovering subsystems at path C:/Program Files/Unity/Hub/Editor/2020.3.7f1/Editor/Data/Resources/UnitySubsystems
[Subsystems] Discovering subsystems at path C:/Users/nagan/Documents/works/Unity/hage/Assets
GfxDevice: creating device client; threaded=0
Direct3D:
    Version:  Direct3D 11.0 [level 11.1]
    Renderer: NVIDIA GeForce GTX 1650 with Max-Q Design (ID=0x1f91)
    Vendor:   
    VRAM:     3962 MB
    Driver:   25.21.14.1788
Initialize mono
Mono path[0] = 'C:/Program Files/Unity/Hub/Editor/2020.3.7f1/Editor/Data/Managed'
Mono path[1] = 'C:/Program Files/Unity/Hub/Editor/2020.3.7f1/Editor/Data/MonoBleedingEdge/lib/mono/unityjit'
Mono config path = 'C:/Program Files/Unity/Hub/Editor/2020.3.7f1/Editor/Data/MonoBleedingEdge/etc'
Using monoOptions --debugger-agent=transport=dt_socket,embedding=1,server=y,suspend=n,address=127.0.0.1:56408
Begin MonoManager ReloadAssembly
Registering precompiled unity dll's ...
Register platform support module: C:/Program Files/Unity/Hub/Editor/2020.3.7f1/Editor/Data/PlaybackEngines/WindowsStandaloneSupport/UnityEditor.WindowsStandalone.Extensions.dll
Registered in 0.001982 seconds.
Native extension for WindowsStandalone target not found
Refreshing native plugins compatible for Editor in 27.66 ms, found 0 plugins.
Preloading 0 native plugins for Editor in 0.00 ms.
Mono: successfully reloaded assembly
- Completed reload, in  0.979 seconds
Platform modules already initialized, skipping
Registering precompiled user dll's ...
Registered in 0.001545 seconds.
Begin MonoManager ReloadAssembly
Native extension for WindowsStandalone target not found
Refreshing native plugins compatible for Editor in 0.25 ms, found 0 plugins.
Preloading 0 native plugins for Editor in 0.00 ms.
Mono: successfully reloaded assembly
- Completed reload, in  0.846 seconds
Platform modules already initialized, skipping
========================================================================
Worker process is ready to serve import requests
Launched and connected shader compiler UnityShaderCompiler.exe after 0.05 seconds
Refreshing native plugins compatible for Editor in 0.23 ms, found 0 plugins.
Preloading 0 native plugins for Editor in 0.00 ms.
Unloading 1584 Unused Serialized files (Serialized files now loaded: 0)
System memory in use before: 73.0 MB.
System memory in use after: 73.1 MB.

Unloading 11 unused Assets to reduce memory usage. Loaded Objects now: 2028.
Total: 1.868300 ms (FindLiveObjects: 0.265000 ms CreateObjectMapping: 0.092600 ms MarkObjects: 1.456700 ms  DeleteObjects: 0.053100 ms)

========================================================================
Received Import Request.
  path: Assets/Scripts
  artifactKey: Guid(3f48794aeb0104ad3a5eac68ff86df1a) Importer(815301076,1909f56bfc062723c751e8b465ee728b)
Start importing Assets/Scripts using Guid(3f48794aeb0104ad3a5eac68ff86df1a) Importer(815301076,1909f56bfc062723c751e8b465ee728b)  -> (artifact id: '2268d4f777a41c8d2b712b99ba3c3985') in 0.007982 seconds
  Import took 0.010125 seconds .

========================================================================
Received Import Request.
  Time since last request: 0.000316 seconds.
  path: Assets/Scenes
  artifactKey: Guid(f8329d4a4b13141c4b5ab5917d0b3e9f) Importer(815301076,1909f56bfc062723c751e8b465ee728b)
Start importing Assets/Scenes using Guid(f8329d4a4b13141c4b5ab5917d0b3e9f) Importer(815301076,1909f56bfc062723c751e8b465ee728b)  -> (artifact id: 'cf5935a4145411c9c85d38824da77302') in 0.007625 seconds
  Import took 0.009692 seconds .

========================================================================
Received Import Request.
  Time since last request: 0.383139 seconds.
  path: Assets/Scenes/Title.unity
  artifactKey: Guid(6568403fa123e439996c51c8f6a0446a) Importer(815301076,1909f56bfc062723c751e8b465ee728b)
Start importing Assets/Scenes/Title.unity using Guid(6568403fa123e439996c51c8f6a0446a) Importer(815301076,1909f56bfc062723c751e8b465ee728b)  -> (artifact id: 'a04ef048c26d6659a54769b35e5d0144') in 0.014489 seconds
  Import took 0.016888 seconds .

========================================================================
Received Import Request.
  Time since last request: 1.187445 seconds.
  path: Assets/Scenes/Game.unity
  artifactKey: Guid(2cda990e2423bbf4892e6590ba056729) Importer(815301076,1909f56bfc062723c751e8b465ee728b)
Start importing Assets/Scenes/Game.unity using Guid(2cda990e2423bbf4892e6590ba056729) Importer(815301076,1909f56bfc062723c751e8b465ee728b)  -> (artifact id: '59cb2ef7190ac4c1948067c8e730166f') in 0.007187 seconds
  Import took 0.009832 seconds .

========================================================================
Received Import Request.
  Time since last request: 9.420150 seconds.
  path: Assets/Scripts/GameManager.cs
  artifactKey: Guid(174fe0b8759bc4e66bd6b59400141757) Importer(815301076,1909f56bfc062723c751e8b465ee728b)
Start importing Assets/Scripts/GameManager.cs using Guid(174fe0b8759bc4e66bd6b59400141757) Importer(815301076,1909f56bfc062723c751e8b465ee728b)  -> (artifact id: 'f9e07bf415ff1b4b5443e6006ed14410') in 0.035249 seconds
  Import took 0.037588 seconds .

========================================================================
Received Import Request.
  Time since last request: 0.004521 seconds.
  path: Assets/Scripts/GameManager.cs
  artifactKey: Guid(174fe0b8759bc4e66bd6b59400141757) Importer(815301076,1909f56bfc062723c751e8b465ee728b)
Start importing Assets/Scripts/GameManager.cs using Guid(174fe0b8759bc4e66bd6b59400141757) Importer(815301076,1909f56bfc062723c751e8b465ee728b)  -> (artifact id: 'f9e07bf415ff1b4b5443e6006ed14410') in 0.002857 seconds
  Import took 0.005876 seconds .

========================================================================
Received Import Request.
  Time since last request: 9.764145 seconds.
  path: Assets/Scripts/HagePicture.cs
  artifactKey: Guid(fb31b33e552e24aae9d46752fe54de70) Importer(815301076,1909f56bfc062723c751e8b465ee728b)
Start importing Assets/Scripts/HagePicture.cs using Guid(fb31b33e552e24aae9d46752fe54de70) Importer(815301076,1909f56bfc062723c751e8b465ee728b)  -> (artifact id: '73eae968bfa54197460afabfebf205b9') in 0.009293 seconds
  Import took 0.012603 seconds .

========================================================================
Received Import Request.
  Time since last request: 78.977085 seconds.
  path: Assets/Scripts/HagePicture.cs
  artifactKey: Guid(fb31b33e552e24aae9d46752fe54de70) Importer(815301076,1909f56bfc062723c751e8b465ee728b)
Start importing Assets/Scripts/HagePicture.cs using Guid(fb31b33e552e24aae9d46752fe54de70) Importer(815301076,1909f56bfc062723c751e8b465ee728b)  -> (artifact id: '9c731b00a1c88a9f1f4e241a0765a66b') in 0.002102 seconds
  Import took 0.004444 seconds .

========================================================================
Received Prepare
Registering precompiled user dll's ...
Registered in 0.001542 seconds.
Begin MonoManager ReloadAssembly
Native extension for WindowsStandalone target not found
Refreshing native plugins compatible for Editor in 0.23 ms, found 0 plugins.
Preloading 0 native plugins for Editor in 0.00 ms.
Mono: successfully reloaded assembly
- Completed reload, in  0.815 seconds
Platform modules already initialized, skipping
Switching build target platform(5) subTarget(0) extendedPlatform(0) -> platform(9) subTarget(16777218) extendedPlatform(0)
Refreshing native plugins compatible for Editor in 0.27 ms, found 0 plugins.
Preloading 0 native plugins for Editor in 0.00 ms.
Unloading 1568 Unused Serialized files (Serialized files now loaded: 0)
System memory in use before: 71.6 MB.
System memory in use after: 71.7 MB.

Unloading 6 unused Assets to reduce memory usage. Loaded Objects now: 2031.
Total: 1.669300 ms (FindLiveObjects: 0.138300 ms CreateObjectMapping: 0.049100 ms MarkObjects: 1.465100 ms  DeleteObjects: 0.016100 ms)

AssetImportParameters requested are different than current active one (requested -> active):
  custom:graphics/normal-map-encoding: 01000000000000000000000000000000 -> 02000000000000000000000000000000
========================================================================
Received Prepare
Registering precompiled user dll's ...
Registered in 0.001483 seconds.
Begin MonoManager ReloadAssembly
Native extension for WindowsStandalone target not found
Refreshing native plugins compatible for Editor in 0.24 ms, found 0 plugins.
Preloading 0 native plugins for Editor in 0.00 ms.
Mono: successfully reloaded assembly
- Completed reload, in  0.795 seconds
Platform modules already initialized, skipping
Switching build target platform(5) subTarget(0) extendedPlatform(0) -> platform(9) subTarget(16777218) extendedPlatform(0)
Refreshing native plugins compatible for Editor in 0.23 ms, found 0 plugins.
Preloading 0 native plugins for Editor in 0.00 ms.
Unloading 1568 Unused Serialized files (Serialized files now loaded: 0)
System memory in use before: 71.7 MB.
System memory in use after: 71.8 MB.

Unloading 6 unused Assets to reduce memory usage. Loaded Objects now: 2034.
Total: 1.881100 ms (FindLiveObjects: 0.191800 ms CreateObjectMapping: 0.057600 ms MarkObjects: 1.611200 ms  DeleteObjects: 0.019700 ms)

AssetImportParameters requested are different than current active one (requested -> active):
  custom:graphics/normal-map-encoding: 01000000000000000000000000000000 -> 02000000000000000000000000000000
AssetImportWorkerClient::OnTransportError - code=2 error=End of file
